[0.413s] Invoking command in '/root/f1_sim/build/ferrari': PYTHONPATH=/root/f1_sim/build/ferrari/prefix_override:/root/f1_sim/install/ferrari/lib/python3.8/site-packages:${PYTHONPATH} /usr/bin/python3 setup.py develop --editable --build-directory /root/f1_sim/build/ferrari/build --no-deps install_data
[0.559s] running develop
[0.626s] running egg_info
[0.626s] creating ferrari.egg-info
[0.626s] writing ferrari.egg-info/PKG-INFO
[0.626s] writing dependency_links to ferrari.egg-info/dependency_links.txt
[0.626s] writing entry points to ferrari.egg-info/entry_points.txt
[0.627s] writing requirements to ferrari.egg-info/requires.txt
[0.627s] writing top-level names to ferrari.egg-info/top_level.txt
[0.627s] writing manifest file 'ferrari.egg-info/SOURCES.txt'
[0.649s] reading manifest file 'ferrari.egg-info/SOURCES.txt'
[0.650s] writing manifest file 'ferrari.egg-info/SOURCES.txt'
[0.674s] running build_ext
[0.675s] Creating /root/f1_sim/install/ferrari/lib/python3.8/site-packages/site.py
[0.676s] Creating /root/f1_sim/install/ferrari/lib/python3.8/site-packages/ferrari.egg-link (link to .)
[0.677s] Installing twist_to_vesc script to /root/f1_sim/install/ferrari/lib/ferrari
[0.677s] 
[0.677s] Installed /root/f1_sim/build/ferrari
[0.677s] running install_data
[0.677s] creating /root/f1_sim/install/ferrari/share/ament_index
[0.677s] creating /root/f1_sim/install/ferrari/share/ament_index/resource_index
[0.677s] creating /root/f1_sim/install/ferrari/share/ament_index/resource_index/packages
[0.677s] copying resource/ferrari -> /root/f1_sim/install/ferrari/share/ament_index/resource_index/packages
[0.677s] copying package.xml -> /root/f1_sim/install/ferrari/share/ferrari
[0.678s] creating /root/f1_sim/install/ferrari/share/ferrari/launch
[0.678s] copying launch/sim.launch.py -> /root/f1_sim/install/ferrari/share/ferrari/launch
[0.678s] copying launch/drive.launch.py -> /root/f1_sim/install/ferrari/share/ferrari/launch
[0.678s] copying launch/ferrari.launch.py -> /root/f1_sim/install/ferrari/share/ferrari/launch
[0.678s] creating /root/f1_sim/install/ferrari/share/ferrari/urdf
[0.678s] copying urdf/lidar.xacro -> /root/f1_sim/install/ferrari/share/ferrari/urdf
[0.678s] copying urdf/camera.xacro -> /root/f1_sim/install/ferrari/share/ferrari/urdf
[0.678s] copying urdf/gazebo.xacro -> /root/f1_sim/install/ferrari/share/ferrari/urdf
[0.678s] copying urdf/ferrari.xacro -> /root/f1_sim/install/ferrari/share/ferrari/urdf
[0.678s] copying urdf/macros.xacro -> /root/f1_sim/install/ferrari/share/ferrari/urdf
[0.678s] creating /root/f1_sim/install/ferrari/share/ferrari/map
[0.699s] Invoked command in '/root/f1_sim/build/ferrari' returned '0': PYTHONPATH=/root/f1_sim/build/ferrari/prefix_override:/root/f1_sim/install/ferrari/lib/python3.8/site-packages:${PYTHONPATH} /usr/bin/python3 setup.py develop --editable --build-directory /root/f1_sim/build/ferrari/build --no-deps install_data
