[0.431s] Invoking command in '/root/f1_sim/build/ferrari': PYTHONPATH=/root/f1_sim/build/ferrari/prefix_override:/root/f1_sim/install/ferrari/lib/python3.8/site-packages:${PYTHONPATH} /usr/bin/python3 setup.py develop --editable --build-directory /root/f1_sim/build/ferrari/build --no-deps install_data
[0.582s] running develop
[0.652s] running egg_info
[0.652s] writing ferrari.egg-info/PKG-INFO
[0.652s] writing dependency_links to ferrari.egg-info/dependency_links.txt
[0.653s] writing entry points to ferrari.egg-info/entry_points.txt
[0.653s] writing requirements to ferrari.egg-info/requires.txt
[0.653s] writing top-level names to ferrari.egg-info/top_level.txt
[0.675s] reading manifest file 'ferrari.egg-info/SOURCES.txt'
[0.676s] writing manifest file 'ferrari.egg-info/SOURCES.txt'
[0.701s] running build_ext
[0.701s] Creating /root/f1_sim/install/ferrari/lib/python3.8/site-packages/ferrari.egg-link (link to .)
[0.702s] Installing twist_to_vesc script to /root/f1_sim/install/ferrari/lib/ferrari
[0.702s] 
[0.702s] Installed /root/f1_sim/build/ferrari
[0.702s] running install_data
[0.703s] creating /root/f1_sim/install/ferrari/share/ferrari/config
[0.703s] copying config/with_robot.world -> /root/f1_sim/install/ferrari/share/ferrari/config
[0.703s] copying config/ferrari_lower_chassis.rviz -> /root/f1_sim/install/ferrari/share/ferrari/config
[0.703s] copying config/lidar.rviz -> /root/f1_sim/install/ferrari/share/ferrari/config
[0.703s] copying config/drive.rviz -> /root/f1_sim/install/ferrari/share/ferrari/config
[0.723s] Invoked command in '/root/f1_sim/build/ferrari' returned '0': PYTHONPATH=/root/f1_sim/build/ferrari/prefix_override:/root/f1_sim/install/ferrari/lib/python3.8/site-packages:${PYTHONPATH} /usr/bin/python3 setup.py develop --editable --build-directory /root/f1_sim/build/ferrari/build --no-deps install_data
